Arguments: 
  C:\Program Files\nodejs\node.exe C:\Users\Usuario\AppData\Roaming\npm\node_modules\yarn\bin\yarn.js database update

PATH: 
  C:\ProgramData\Oracle\Java\javapath;C:\WINDOWS\system32;C:\WINDOWS;C:\WINDOWS\System32\Wbem;C:\WINDOWS\System32\WindowsPowerShell\v1.0\;C:\Program Files (x86)\Skype\Phone\;C:\Program Files\TortoiseSVN\bin;C:\Program Files\nodejs\;C:\Program Files\Microsoft SQL Server\130\Tools\Binn\;C:\Program Files\dotnet\;C:\Program Files\Git\cmd;C:\Programas_\imagemin;C:\Users\Usuario\AppData\Local\Programs\Python\Python36-32;C:\Program Files (x86)\Microsoft SQL Server\Client SDK\ODBC\130\Tools\Binn\;C:\Program Files (x86)\Microsoft SQL Server\140\Tools\Binn\;C:\Program Files (x86)\Microsoft SQL Server\140\DTS\Binn\;C:\Program Files (x86)\Microsoft SQL Server\140\Tools\Binn\ManagementStudio\;C:\Users\Usuario\AppData\Roaming\npm;C:\Users\Usuario\AppData\Local\Microsoft\WindowsApps;;C:\Program Files\Microsoft VS Code\bin

Yarn version: 
  1.5.1

Node version: 
  6.11.2

Platform: 
  win32 x64

npm manifest: 
  {
    "name": "module7",
    "version": "1.0.0",
    "main": "index.js",
    "repository": "https://github.com/alexandreflach/aspnetcore_module7.git",
    "author": "alexandreflach <contato@alexandreflach.com.br>",
    "license": "MIT",
    "scripts": {
      "start": "dotnet run -p .\\src\\StoreBuild.Web\\StoreBuild.Web.csproj",
      "migration": "cd .\\src\\StoreBuild.Data\\ && dotnet ef -s ..\\StoreBuild.Web\\StoreBuild.Web.csproj migrations add",
      "migration-remove": "cd .\\src\\StoreBuild.Data\\ && dotnet ef -s ..\\StoreBuild.Web\\StoreBuild.Web.csproj migrations remove",
      "database-update": "cd .\\src\\StoreBuild.Data\\ && dotnet ef -s ..\\StoreBuild.Web\\StoreBuild.Web.csproj database update"
    }
  }

yarn manifest: 
  No manifest

Lockfile: 
  No lockfile

Trace: 
  Error: Command "database" not found.
      at MessageError.Error (native)
      at new MessageError (C:\Users\Usuario\AppData\Roaming\npm\node_modules\yarn\lib\cli.js:186:110)
      at C:\Users\Usuario\AppData\Roaming\npm\node_modules\yarn\lib\cli.js:87307:17
      at next (native)
      at step (C:\Users\Usuario\AppData\Roaming\npm\node_modules\yarn\lib\cli.js:98:30)
      at C:\Users\Usuario\AppData\Roaming\npm\node_modules\yarn\lib\cli.js:116:14
      at Promise.F (C:\Users\Usuario\AppData\Roaming\npm\node_modules\yarn\lib\cli.js:23451:28)
      at C:\Users\Usuario\AppData\Roaming\npm\node_modules\yarn\lib\cli.js:95:12
      at runCommand (C:\Users\Usuario\AppData\Roaming\npm\node_modules\yarn\lib\cli.js:87312:22)
      at Object.<anonymous> (C:\Users\Usuario\AppData\Roaming\npm\node_modules\yarn\lib\cli.js:87412:14)
